#
# There is insufficient memory for the Java Runtime Environment to continue.
# Native memory allocation (malloc) failed to allocate 32744 bytes for ChunkPool::allocate
# Possible reasons:
#   The system is out of physical RAM or swap space
#   In 32 bit mode, the process size limit was hit
# Possible solutions:
#   Reduce memory load on the system
#   Increase physical memory or swap space
#   Check if swap backing store is full
#   Use 64 bit Java on a 64 bit OS
#   Decrease Java heap size (-Xmx/-Xms)
#   Decrease number of Java threads
#   Decrease Java thread stack sizes (-Xss)
#   Set larger code cache with -XX:ReservedCodeCacheSize=
# This output file may be truncated or incomplete.
#
#  Out of Memory Error (allocation.cpp:273), pid=5720, tid=0x0000000000000d60
#
# JRE version: Java(TM) SE Runtime Environment (8.0_181-b13) (build 1.8.0_181-b13)
# Java VM: Java HotSpot(TM) 64-Bit Server VM (25.181-b13 mixed mode windows-amd64 compressed oops)
# Failed to write core dump. Minidumps are not enabled by default on client versions of Windows
#

---------------  T H R E A D  ---------------

Current thread (0x0000000002345000):  JavaThread "main" [_thread_in_vm, id=3424, stack(0x0000000002070000,0x0000000002170000)]

Stack: [0x0000000002070000,0x0000000002170000]
[error occurred during error reporting (printing stack bounds), id 0xc0000005]

Native frames: (J=compiled Java code, j=interpreted, Vv=VM code, C=native code)

Java frames: (J=compiled Java code, j=interpreted, Vv=VM code)
J 1646  sun.misc.Unsafe.defineAnonymousClass(Ljava/lang/Class;[B[Ljava/lang/Object;)Ljava/lang/Class; (0 bytes) @ 0x000000000282d3fc [0x000000000282d380+0x7c]
j  java.lang.invoke.InnerClassLambdaMetafactory.spinInnerClass()Ljava/lang/Class;+511
j  java.lang.invoke.InnerClassLambdaMetafactory.buildCallSite()Ljava/lang/invoke/CallSite;+1
j  java.lang.invoke.LambdaMetafactory.metafactory(Ljava/lang/invoke/MethodHandles$Lookup;Ljava/lang/String;Ljava/lang/invoke/MethodType;Ljava/lang/invoke/MethodType;Ljava/lang/invoke/MethodHandle;Ljava/lang/invoke/MethodType;)Ljava/lang/invoke/CallSite;+31
j  java.lang.invoke.LambdaForm$DMH.invokeStatic_L6_L(Ljava/lang/Object;Ljava/lang/Object;Ljava/lang/Object;Ljava/lang/Object;Ljava/lang/Object;Ljava/lang/Object;Ljava/lang/Object;)Ljava/lang/Object;+20
j  java.lang.invoke.LambdaForm$BMH.reinvoke(Ljava/lang/Object;Ljava/lang/Object;Ljava/lang/Object;Ljava/lang/Object;Ljava/lang/Object;Ljava/lang/Object;Ljava/lang/Object;)Ljava/lang/Object;+85
J 2343 C1 java.lang.invoke.CallSite.makeSite(Ljava/lang/invoke/MethodHandle;Ljava/lang/String;Ljava/lang/invoke/MethodType;Ljava/lang/Object;Ljava/lang/Class;)Ljava/lang/invoke/CallSite; (457 bytes) @ 0x000000000295f39c [0x000000000295ea20+0x97c]
J 2342 C1 java.lang.invoke.MethodHandleNatives.linkCallSiteImpl(Ljava/lang/Class;Ljava/lang/invoke/MethodHandle;Ljava/lang/String;Ljava/lang/invoke/MethodType;Ljava/lang/Object;[Ljava/lang/Object;)Ljava/lang/invoke/MemberName; (44 bytes) @ 0x000000000295da44 [0x000000000295da00+0x44]
J 2341 C1 java.lang.invoke.MethodHandleNatives.linkCallSite(Ljava/lang/Object;Ljava/lang/Object;Ljava/lang/Object;Ljava/lang/Object;Ljava/lang/Object;[Ljava/lang/Object;)Ljava/lang/invoke/MemberName; (65 bytes) @ 0x000000000295d534 [0x000000000295d420+0x114]
v  ~StubRoutines::call_stub
j  org.springframework.beans.factory.support.DefaultListableBeanFactory.destroySingletons()V+10
j  org.springframework.context.support.AbstractApplicationContext.destroyBeans()V+4
j  org.springframework.context.support.AbstractApplicationContext.refresh()V+110
j  org.springframework.boot.SpringApplication.refresh(Lorg/springframework/context/ApplicationContext;)V+10
j  org.springframework.boot.SpringApplication.refreshContext(Lorg/springframework/context/ConfigurableApplicationContext;)V+2
j  org.springframework.boot.SpringApplication.run([Ljava/lang/String;)Lorg/springframework/context/ConfigurableApplicationContext;+118
j  org.springframework.boot.SpringApplication.run([Ljava/lang/Class;[Ljava/lang/String;)Lorg/springframework/context/ConfigurableApplicationContext;+9
j  org.springframework.boot.SpringApplication.run(Ljava/lang/Class;[Ljava/lang/String;)Lorg/springframework/context/ConfigurableApplicationContext;+9
j  com.example.demo.DemoApplication.main([Ljava/lang/String;)V+3
v  ~StubRoutines::call_stub

---------------  P R O C E S S  ---------------

Java Threads: ( => current thread )
  0x000000001673d800 JavaThread "JMX server connection timeout 31" daemon [_thread_blocked, id=3708, stack(0x0000000019d80000,0x0000000019e80000)]
  0x0000000014a31800 JavaThread "PostgreSQL-JDBC-SharedTimer-1" daemon [_thread_in_vm, id=6576, stack(0x0000000019c80000,0x0000000019d80000)]
  0x0000000017464000 JavaThread "RMI TCP Connection(3)-192.168.0.101" daemon [_thread_in_native, id=5388, stack(0x00000000182b0000,0x00000000183b0000)]
  0x0000000017147800 JavaThread "RMI Scheduler(0)" daemon [_thread_blocked, id=5352, stack(0x0000000017bb0000,0x0000000017cb0000)]
  0x000000001712f800 JavaThread "RMI TCP Connection(2)-192.168.0.101" daemon [_thread_in_native, id=5828, stack(0x0000000017ab0000,0x0000000017bb0000)]
  0x0000000017098800 JavaThread "RMI TCP Accept-0" daemon [_thread_in_native, id=3536, stack(0x00000000176b0000,0x00000000177b0000)]
  0x00000000166dc000 JavaThread "Service Thread" daemon [_thread_blocked, id=6708, stack(0x0000000016db0000,0x0000000016eb0000)]
  0x000000001668c000 JavaThread "C1 CompilerThread2" daemon [_thread_in_native, id=6380, stack(0x0000000016cb0000,0x0000000016db0000)]
  0x0000000016668000 JavaThread "C2 CompilerThread1" daemon [_thread_blocked, id=1436, stack(0x0000000016bb0000,0x0000000016cb0000)]
  0x0000000016666800 JavaThread "C2 CompilerThread0" daemon [_thread_blocked, id=6372, stack(0x0000000016ab0000,0x0000000016bb0000)]
  0x0000000014a44800 JavaThread "JDWP Command Reader" daemon [_thread_in_native, id=3712, stack(0x0000000016270000,0x0000000016370000)]
  0x0000000014a41800 JavaThread "JDWP Event Helper Thread" daemon [_thread_blocked, id=7088, stack(0x0000000016170000,0x0000000016270000)]
  0x0000000014a35000 JavaThread "JDWP Transport Listener: dt_socket" daemon [_thread_blocked, id=6264, stack(0x0000000016070000,0x0000000016170000)]
  0x0000000014a2d000 JavaThread "Attach Listener" daemon [_thread_blocked, id=1560, stack(0x0000000015f70000,0x0000000016070000)]
  0x0000000014a2b800 JavaThread "Signal Dispatcher" daemon [_thread_blocked, id=5228, stack(0x0000000015e70000,0x0000000015f70000)]
  0x0000000002439800 JavaThread "Finalizer" daemon [_thread_blocked, id=3632, stack(0x0000000015c80000,0x0000000015d80000)]
  0x0000000002436000 JavaThread "Reference Handler" daemon [_thread_blocked, id=4964, stack(0x0000000015b80000,0x0000000015c80000)]
=>0x0000000002345000 JavaThread "main" [_thread_in_vm, id=3424, stack(0x0000000002070000,0x0000000002170000)]

Other Threads:
  0x00000000149e7800 VMThread [stack: 0x0000000015a80000,0x0000000015b80000] [id=6196]
  0x000000001709d000 WatcherThread [stack: 0x00000000177b0000,0x00000000178b0000] [id=6388]

VM state:synchronizing (normal execution)

VM Mutex/Monitor currently owned by a thread:  ([mutex/lock_event])
[0x0000000002342950] Threads_lock - owner thread: 0x00000000149e7800

Heap:
 PSYoungGen      total 138240K, used 14507K [0x00000000eb380000, 0x00000000f4280000, 0x0000000100000000)
  eden space 131072K, 11% used [0x00000000eb380000,0x00000000ec1aafa8,0x00000000f3380000)
  from space 7168K, 0% used [0x00000000f3b80000,0x00000000f3b80000,0x00000000f4280000)
  to   space 7680K, 0% used [0x00000000f3380000,0x00000000f3380000,0x00000000f3b00000)
 ParOldGen       total 33792K, used 9147K [0x00000000c1a00000, 0x00000000c3b00000, 0x00000000eb380000)
  object space 33792K, 27% used [0x00000000c1a00000,0x00000000c22eec78,0x00000000c3b00000)
 Metaspace       used 21697K, capacity 22760K, committed 22912K, reserved 1071104K
  class space    used 2897K, capacity 3142K, committed 3200K, reserved 1048576K

Card table byte_map: [0x0000000011800000,0x0000000011a00000] byte_map_base: 0x00000000111f3000

Marking Bits: (ParMarkBitMap*) 0x0000000068412d00
 Begin Bits: [0x0000000011f50000, 0x0000000012ee8000)
 End Bits:   [0x0000000012ee8000, 0x0000000013e80000)

Polling page: 0x00000000001f0000

CodeCache: size=245760Kb used=5406Kb max_used=5406Kb free=240353Kb
 bounds [0x0000000002440000, 0x0000000002990000, 0x0000000011440000]
 total_blobs=2815 nmethods=2415 adapters=320
 compilation: enabled

Compilation events (10 events):
Event: 7.021 Thread 0x000000001668c000 nmethod 2412 0x0000000002985b10 code [0x0000000002985c80, 0x0000000002985ef8]
Event: 7.044 Thread 0x000000001668c000 2413       1       java.lang.Class::privateGetDeclaredFields (67 bytes)
Event: 7.045 Thread 0x000000001668c000 nmethod 2413 0x0000000002986210 code [0x00000000029863c0, 0x0000000002986748]
Event: 7.059 Thread 0x000000001668c000 2414       1       java.util.concurrent.ConcurrentHashMap$Traverser::advance (188 bytes)
Event: 7.060 Thread 0x000000001668c000 nmethod 2414 0x00000000029869d0 code [0x0000000002986b80, 0x0000000002987098]
Event: 7.060 Thread 0x000000001668c000 2415       1       java.util.HashSet::remove (20 bytes)
Event: 7.060 Thread 0x000000001668c000 nmethod 2415 0x0000000002987390 code [0x0000000002987500, 0x0000000002987668]
Event: 7.060 Thread 0x000000001668c000 2416       1       java.util.concurrent.ConcurrentHashMap$BaseIterator::hasNext (13 bytes)
Event: 7.060 Thread 0x000000001668c000 nmethod 2416 0x0000000002987890 code [0x00000000029879e0, 0x0000000002987b10]
Event: 7.060 Thread 0x000000001668c000 2419       1       java.lang.invoke.InvokerBytecodeGenerator::isStaticallyInvocable (169 bytes)

GC Heap History (10 events):
Event: 4.118 GC heap before
{Heap before GC invocations=5 (full 0):
 PSYoungGen      total 35328K, used 35328K [0x00000000eb380000, 0x00000000ed880000, 0x0000000100000000)
  eden space 32768K, 100% used [0x00000000eb380000,0x00000000ed380000,0x00000000ed380000)
  from space 2560K, 100% used [0x00000000ed600000,0x00000000ed880000,0x00000000ed880000)
  to   space 2560K, 0% used [0x00000000ed380000,0x00000000ed380000,0x00000000ed600000)
 ParOldGen       total 44032K, used 3983K [0x00000000c1a00000, 0x00000000c4500000, 0x00000000eb380000)
  object space 44032K, 9% used [0x00000000c1a00000,0x00000000c1de3d38,0x00000000c4500000)
 Metaspace       used 16270K, capacity 16768K, committed 16896K, reserved 1064960K
  class space    used 2106K, capacity 2238K, committed 2304K, reserved 1048576K
Event: 4.127 GC heap after
Heap after GC invocations=5 (full 0):
 PSYoungGen      total 35328K, used 2560K [0x00000000eb380000, 0x00000000eff80000, 0x0000000100000000)
  eden space 32768K, 0% used [0x00000000eb380000,0x00000000eb380000,0x00000000ed380000)
  from space 2560K, 100% used [0x00000000ed380000,0x00000000ed600000,0x00000000ed600000)
  to   space 6144K, 0% used [0x00000000ef980000,0x00000000ef980000,0x00000000eff80000)
 ParOldGen       total 44032K, used 7034K [0x00000000c1a00000, 0x00000000c4500000, 0x00000000eb380000)
  object space 44032K, 15% used [0x00000000c1a00000,0x00000000c20de900,0x00000000c4500000)
 Metaspace       used 16270K, capacity 16768K, committed 16896K, reserved 1064960K
  class space    used 2106K, capacity 2238K, committed 2304K, reserved 1048576K
}
Event: 4.246 GC heap before
{Heap before GC invocations=6 (full 0):
 PSYoungGen      total 35328K, used 35305K [0x00000000eb380000, 0x00000000eff80000, 0x0000000100000000)
  eden space 32768K, 99% used [0x00000000eb380000,0x00000000ed37a6a8,0x00000000ed380000)
  from space 2560K, 100% used [0x00000000ed380000,0x00000000ed600000,0x00000000ed600000)
  to   space 6144K, 0% used [0x00000000ef980000,0x00000000ef980000,0x00000000eff80000)
 ParOldGen       total 44032K, used 7034K [0x00000000c1a00000, 0x00000000c4500000, 0x00000000eb380000)
  object space 44032K, 15% used [0x00000000c1a00000,0x00000000c20de900,0x00000000c4500000)
 Metaspace       used 16356K, capacity 16846K, committed 17152K, reserved 1064960K
  class space    used 2118K, capacity 2241K, committed 2304K, reserved 1048576K
Event: 4.255 GC heap after
Heap after GC invocations=6 (full 0):
 PSYoungGen      total 71680K, used 3121K [0x00000000eb380000, 0x00000000eff80000, 0x0000000100000000)
  eden space 65536K, 0% used [0x00000000eb380000,0x00000000eb380000,0x00000000ef380000)
  from space 6144K, 50% used [0x00000000ef980000,0x00000000efc8c640,0x00000000eff80000)
  to   space 6144K, 0% used [0x00000000ef380000,0x00000000ef380000,0x00000000ef980000)
 ParOldGen       total 44032K, used 7034K [0x00000000c1a00000, 0x00000000c4500000, 0x00000000eb380000)
  object space 44032K, 15% used [0x00000000c1a00000,0x00000000c20de900,0x00000000c4500000)
 Metaspace       used 16356K, capacity 16846K, committed 17152K, reserved 1064960K
  class space    used 2118K, capacity 2241K, committed 2304K, reserved 1048576K
}
Event: 6.067 GC heap before
{Heap before GC invocations=7 (full 0):
 PSYoungGen      total 71680K, used 68657K [0x00000000eb380000, 0x00000000eff80000, 0x0000000100000000)
  eden space 65536K, 100% used [0x00000000eb380000,0x00000000ef380000,0x00000000ef380000)
  from space 6144K, 50% used [0x00000000ef980000,0x00000000efc8c640,0x00000000eff80000)
  to   space 6144K, 0% used [0x00000000ef380000,0x00000000ef380000,0x00000000ef980000)
 ParOldGen       total 44032K, used 7034K [0x00000000c1a00000, 0x00000000c4500000, 0x00000000eb380000)
  object space 44032K, 15% used [0x00000000c1a00000,0x00000000c20de900,0x00000000c4500000)
 Metaspace       used 19717K, capacity 20714K, committed 20864K, reserved 1067008K
  class space    used 2659K, capacity 2869K, committed 2944K, reserved 1048576K
Event: 6.085 GC heap after
Heap after GC invocations=7 (full 0):
 PSYoungGen      total 71680K, used 6121K [0x00000000eb380000, 0x00000000f4380000, 0x0000000100000000)
  eden space 65536K, 0% used [0x00000000eb380000,0x00000000eb380000,0x00000000ef380000)
  from space 6144K, 99% used [0x00000000ef380000,0x00000000ef97a770,0x00000000ef980000)
  to   space 8192K, 0% used [0x00000000f3b80000,0x00000000f3b80000,0x00000000f4380000)
 ParOldGen       total 44032K, used 9258K [0x00000000c1a00000, 0x00000000c4500000, 0x00000000eb380000)
  object space 44032K, 21% used [0x00000000c1a00000,0x00000000c230a810,0x00000000c4500000)
 Metaspace       used 19717K, capacity 20714K, committed 20864K, reserved 1067008K
  class space    used 2659K, capacity 2869K, committed 2944K, reserved 1048576K
}
Event: 6.244 GC heap before
{Heap before GC invocations=8 (full 0):
 PSYoungGen      total 71680K, used 12938K [0x00000000eb380000, 0x00000000f4380000, 0x0000000100000000)
  eden space 65536K, 10% used [0x00000000eb380000,0x00000000eba28420,0x00000000ef380000)
  from space 6144K, 99% used [0x00000000ef380000,0x00000000ef97a770,0x00000000ef980000)
  to   space 8192K, 0% used [0x00000000f3b80000,0x00000000f3b80000,0x00000000f4380000)
 ParOldGen       total 44032K, used 9258K [0x00000000c1a00000, 0x00000000c4500000, 0x00000000eb380000)
  object space 44032K, 21% used [0x00000000c1a00000,0x00000000c230a810,0x00000000c4500000)
 Metaspace       used 20294K, capacity 21248K, committed 21296K, reserved 1067008K
  class space    used 2707K, capacity 2914K, committed 2944K, reserved 1048576K
Event: 6.252 GC heap after
Heap after GC invocations=8 (full 0):
 PSYoungGen      total 138240K, used 4076K [0x00000000eb380000, 0x00000000f4280000, 0x0000000100000000)
  eden space 131072K, 0% used [0x00000000eb380000,0x00000000eb380000,0x00000000f3380000)
  from space 7168K, 56% used [0x00000000f3b80000,0x00000000f3f7b040,0x00000000f4280000)
  to   space 7680K, 0% used [0x00000000f3380000,0x00000000f3380000,0x00000000f3b00000)
 ParOldGen       total 44032K, used 9890K [0x00000000c1a00000, 0x00000000c4500000, 0x00000000eb380000)
  object space 44032K, 22% used [0x00000000c1a00000,0x00000000c23a8830,0x00000000c4500000)
 Metaspace       used 20294K, capacity 21248K, committed 21296K, reserved 1067008K
  class space    used 2707K, capacity 2914K, committed 2944K, reserved 1048576K
}
Event: 6.252 GC heap before
{Heap before GC invocations=9 (full 1):
 PSYoungGen      total 138240K, used 4076K [0x00000000eb380000, 0x00000000f4280000, 0x0000000100000000)
  eden space 131072K, 0% used [0x00000000eb380000,0x00000000eb380000,0x00000000f3380000)
  from space 7168K, 56% used [0x00000000f3b80000,0x00000000f3f7b040,0x00000000f4280000)
  to   space 7680K, 0% used [0x00000000f3380000,0x00000000f3380000,0x00000000f3b00000)
 ParOldGen       total 44032K, used 9890K [0x00000000c1a00000, 0x00000000c4500000, 0x00000000eb380000)
  object space 44032K, 22% used [0x00000000c1a00000,0x00000000c23a8830,0x00000000c4500000)
 Metaspace       used 20294K, capacity 21248K, committed 21296K, reserved 1067008K
  class space    used 2707K, capacity 2914K, committed 2944K, reserved 1048576K
Event: 6.315 GC heap after
Heap after GC invocations=9 (full 1):
 PSYoungGen      total 138240K, used 0K [0x00000000eb380000, 0x00000000f4280000, 0x0000000100000000)
  eden space 131072K, 0% used [0x00000000eb380000,0x00000000eb380000,0x00000000f3380000)
  from space 7168K, 0% used [0x00000000f3b80000,0x00000000f3b80000,0x00000000f4280000)
  to   space 7680K, 0% used [0x00000000f3380000,0x00000000f3380000,0x00000000f3b00000)
 ParOldGen       total 33792K, used 9147K [0x00000000c1a00000, 0x00000000c3b00000, 0x00000000eb380000)
  object space 33792K, 27% used [0x00000000c1a00000,0x00000000c22eec78,0x00000000c3b00000)
 Metaspace       used 20292K, capacity 21242K, committed 21296K, reserved 1067008K
  class space    used 2706K, capacity 2913K, committed 2944K, reserved 1048576K
}

Deoptimization events (0 events):
No events

Classes redefined (0 events):
No events

Internal exceptions (10 events):
Event: 6.122 Thread 0x0000000017464000 Exception <a 'java/lang/reflect/InvocationTargetException'> (0x00000000eb4c1c30) thrown at [C:\re\workspace\8-2-build-windows-amd64-cygwin\jdk8u181\11358\hotspot\src\share\vm\runtime\reflection.cpp, line 1092]
Event: 6.122 Thread 0x0000000002345000 Exception <a 'java/lang/ArrayIndexOutOfBoundsException'> (0x00000000eb3d20a0) thrown at [C:\re\workspace\8-2-build-windows-amd64-cygwin\jdk8u181\11358\hotspot\src\share\vm\runtime\sharedRuntime.cpp, line 605]
Event: 6.136 Thread 0x0000000002345000 Exception <a 'java/lang/ArrayIndexOutOfBoundsException'> (0x00000000eb417498) thrown at [C:\re\workspace\8-2-build-windows-amd64-cygwin\jdk8u181\11358\hotspot\src\share\vm\runtime\sharedRuntime.cpp, line 605]
Event: 6.142 Thread 0x0000000002345000 Exception <a 'java/lang/ArrayIndexOutOfBoundsException'> (0x00000000eb47fe80) thrown at [C:\re\workspace\8-2-build-windows-amd64-cygwin\jdk8u181\11358\hotspot\src\share\vm\runtime\sharedRuntime.cpp, line 605]
Event: 6.173 Thread 0x0000000002345000 Exception <a 'java/lang/ArrayIndexOutOfBoundsException'> (0x00000000eb5f1510) thrown at [C:\re\workspace\8-2-build-windows-amd64-cygwin\jdk8u181\11358\hotspot\src\share\vm\runtime\sharedRuntime.cpp, line 605]
Event: 6.173 Thread 0x0000000002345000 Exception <a 'java/lang/ArrayIndexOutOfBoundsException'> (0x00000000eb5f2cf0) thrown at [C:\re\workspace\8-2-build-windows-amd64-cygwin\jdk8u181\11358\hotspot\src\share\vm\runtime\sharedRuntime.cpp, line 605]
Event: 6.644 Thread 0x0000000017464000 Exception <a 'java/lang/reflect/InvocationTargetException'> (0x00000000ebaee4d0) thrown at [C:\re\workspace\8-2-build-windows-amd64-cygwin\jdk8u181\11358\hotspot\src\share\vm\runtime\reflection.cpp, line 1092]
Event: 7.051 Thread 0x0000000002345000 Exception <a 'java/lang/OutOfMemoryError'> (0x00000000ebf3e4a8) thrown at [C:\re\workspace\8-2-build-windows-amd64-cygwin\jdk8u181\11358\hotspot\src\share\vm\prims\jni.cpp, line 735]
Event: 7.051 Thread 0x0000000002345000 Exception <a 'java/lang/OutOfMemoryError'> (0x00000000ebf3e4a8) thrown at [C:\re\workspace\8-2-build-windows-amd64-cygwin\jdk8u181\11358\hotspot\src\share\vm\prims\jvm.cpp, line 1439]
Event: 7.056 Thread 0x0000000002345000 Exception <a 'java/lang/reflect/InvocationTargetException'> (0x00000000ebf86c18) thrown at [C:\re\workspace\8-2-build-windows-amd64-cygwin\jdk8u181\11358\hotspot\src\share\vm\runtime\reflection.cpp, line 1092]

Events (10 events):
Event: 7.057 Thread 0x0000000002345000 DEOPT PACKING pc=0x0000000002625bfc sp=0x000000000216ccf0
Event: 7.058 Thread 0x0000000002345000 DEOPT UNPACKING pc=0x0000000002487890 sp=0x000000000216cb10 mode 1
Event: 7.058 loading class org/springframework/beans/factory/UnsatisfiedDependencyException
Event: 7.058 loading class org/springframework/beans/factory/UnsatisfiedDependencyException done
Event: 7.058 Thread 0x0000000002345000 DEOPT PACKING pc=0x0000000002654e49 sp=0x000000000216cc10
Event: 7.058 Thread 0x0000000002345000 DEOPT UNPACKING pc=0x0000000002487890 sp=0x000000000216c960 mode 1
Event: 7.058 Thread 0x0000000002345000 DEOPT PACKING pc=0x0000000002625cb4 sp=0x000000000216cc90
Event: 7.058 Thread 0x0000000002345000 DEOPT UNPACKING pc=0x0000000002487890 sp=0x000000000216cab0 mode 1
Event: 7.058 Thread 0x0000000002345000 DEOPT PACKING pc=0x0000000002625bfc sp=0x000000000216ce20
Event: 7.058 Thread 0x0000000002345000 DEOPT UNPACKING pc=0x0000000002487890 sp=0x000000000216cc40 mode 1


Dynamic libraries:
0x00007ff778c90000 - 0x00007ff778cc7000 	C:\Program Files\Java\jdk1.8.0_181\bin\java.exe
0x00007ffa17910000 - 0x00007ffa17ad1000 	C:\Windows\SYSTEM32\ntdll.dll
0x00007ffa177e0000 - 0x00007ffa1788d000 	C:\Windows\system32\KERNEL32.DLL
0x00007ffa14750000 - 0x00007ffa14938000 	C:\Windows\system32\KERNELBASE.dll
0x00007ffa15aa0000 - 0x00007ffa15b47000 	C:\Windows\system32\ADVAPI32.dll
0x00007ffa152e0000 - 0x00007ffa1537d000 	C:\Windows\system32\msvcrt.dll
0x00007ffa17710000 - 0x00007ffa1776b000 	C:\Windows\system32\sechost.dll
0x00007ffa15380000 - 0x00007ffa1549c000 	C:\Windows\system32\RPCRT4.dll
0x00007ffa15180000 - 0x00007ffa152d6000 	C:\Windows\system32\USER32.dll
0x00007ffa15510000 - 0x00007ffa15696000 	C:\Windows\system32\GDI32.dll
0x00007ffa02de0000 - 0x00007ffa03054000 	C:\Windows\WinSxS\amd64_microsoft.windows.common-controls_6595b64144ccf1df_6.0.10586.0_none_8c15ae12515e1c22\COMCTL32.dll
0x00007ffa157c0000 - 0x00007ffa15a3d000 	C:\Windows\system32\combase.dll
0x00007ffa14ca0000 - 0x00007ffa14d0a000 	C:\Windows\system32\bcryptPrimitives.dll
0x00007ffa15080000 - 0x00007ffa150bb000 	C:\Windows\system32\IMM32.DLL
0x00000000684a0000 - 0x0000000068572000 	C:\Program Files\Java\jdk1.8.0_181\jre\bin\msvcr100.dll
0x0000000067bf0000 - 0x0000000068492000 	C:\Program Files\Java\jdk1.8.0_181\jre\bin\server\jvm.dll
0x00007ffa14d10000 - 0x00007ffa14d18000 	C:\Windows\system32\PSAPI.DLL
0x00007ffa0bcc0000 - 0x00007ffa0bcca000 	C:\Windows\SYSTEM32\VERSION.dll
0x00007ffa12240000 - 0x00007ffa12263000 	C:\Windows\SYSTEM32\WINMM.dll
0x00007ffa08500000 - 0x00007ffa08509000 	C:\Windows\SYSTEM32\WSOCK32.dll
0x00007ffa154a0000 - 0x00007ffa1550b000 	C:\Windows\system32\WS2_32.dll
0x00007ffa12210000 - 0x00007ffa1223c000 	C:\Windows\SYSTEM32\WINMMBASE.dll
0x00007ffa14940000 - 0x00007ffa14983000 	C:\Windows\system32\cfgmgr32.dll
0x0000000068e10000 - 0x0000000068e1f000 	C:\Program Files\Java\jdk1.8.0_181\jre\bin\verify.dll
0x0000000067bc0000 - 0x0000000067be9000 	C:\Program Files\Java\jdk1.8.0_181\jre\bin\java.dll
0x0000000067a40000 - 0x0000000067a75000 	C:\Program Files\Java\jdk1.8.0_181\jre\bin\jdwp.dll
0x0000000067a30000 - 0x0000000067a38000 	C:\Program Files\Java\jdk1.8.0_181\jre\bin\npt.dll
0x0000000067a00000 - 0x0000000067a23000 	C:\Program Files\Java\jdk1.8.0_181\jre\bin\instrument.dll
0x0000000067ba0000 - 0x0000000067bb6000 	C:\Program Files\Java\jdk1.8.0_181\jre\bin\zip.dll
0x00007ffa161b0000 - 0x00007ffa1770c000 	C:\Windows\system32\SHELL32.dll
0x00007ffa14020000 - 0x00007ffa14665000 	C:\Windows\system32\windows.storage.dll
0x00007ffa178b0000 - 0x00007ffa17902000 	C:\Windows\system32\shlwapi.dll
0x00007ffa13f30000 - 0x00007ffa13f3f000 	C:\Windows\system32\kernel.appcore.dll
0x00007ffa14690000 - 0x00007ffa14745000 	C:\Windows\system32\shcore.dll
0x00007ffa13f50000 - 0x00007ffa13f9b000 	C:\Windows\system32\powrprof.dll
0x00007ffa13fa0000 - 0x00007ffa13fb4000 	C:\Windows\system32\profapi.dll
0x00000000679f0000 - 0x00000000679f9000 	C:\Program Files\Java\jdk1.8.0_181\jre\bin\dt_socket.dll
0x00007ffa13860000 - 0x00007ffa138bc000 	C:\Windows\system32\mswsock.dll
0x00007ffa13910000 - 0x00007ffa13927000 	C:\Windows\SYSTEM32\CRYPTSP.dll
0x00007ffa135a0000 - 0x00007ffa135d4000 	C:\Windows\system32\rsaenh.dll
0x00007ffa13e60000 - 0x00007ffa13e89000 	C:\Windows\SYSTEM32\bcrypt.dll
0x00007ffa136f0000 - 0x00007ffa1370f000 	C:\Windows\SYSTEM32\USERENV.dll
0x00007ffa13a30000 - 0x00007ffa13a3b000 	C:\Windows\SYSTEM32\CRYPTBASE.dll
0x0000000067b80000 - 0x0000000067b9a000 	C:\Program Files\Java\jdk1.8.0_181\jre\bin\net.dll
0x00007ffa10af0000 - 0x00007ffa10b28000 	C:\Windows\SYSTEM32\IPHLPAPI.DLL
0x00007ffa150c0000 - 0x00007ffa150c8000 	C:\Windows\system32\NSI.dll
0x00007ffa0dce0000 - 0x00007ffa0dcf6000 	C:\Windows\SYSTEM32\dhcpcsvc6.DLL
0x00007ffa0dcc0000 - 0x00007ffa0dcda000 	C:\Windows\SYSTEM32\dhcpcsvc.DLL
0x0000000067b60000 - 0x0000000067b71000 	C:\Program Files\Java\jdk1.8.0_181\jre\bin\nio.dll
0x00007ffa129a0000 - 0x00007ffa12a4a000 	C:\Windows\SYSTEM32\DNSAPI.dll
0x00007ffa0bb60000 - 0x00007ffa0bb6a000 	C:\Windows\System32\rasadhlp.dll
0x00007ffa0dd70000 - 0x00007ffa0ddd7000 	C:\Windows\System32\fwpuclnt.dll
0x0000000068e00000 - 0x0000000068e0d000 	C:\Program Files\Java\jdk1.8.0_181\jre\bin\management.dll
0x00007ffa08510000 - 0x00007ffa08526000 	C:\Windows\system32\napinsp.dll
0x00007ffa08530000 - 0x00007ffa0854a000 	C:\Windows\system32\pnrpnsp.dll
0x00007ffa10ff0000 - 0x00007ffa11008000 	C:\Windows\system32\NLAapi.dll
0x00007ffa08550000 - 0x00007ffa0855d000 	C:\Windows\System32\winrnr.dll
0x00007ffa08560000 - 0x00007ffa08575000 	C:\Windows\System32\wshbth.dll

VM Arguments:
jvm_args: -agentlib:jdwp=transport=dt_socket,address=127.0.0.1:63114,suspend=y,server=n -XX:TieredStopAtLevel=1 -Xverify:none -Dspring.output.ansi.enabled=always -Dcom.sun.management.jmxremote -Dspring.liveBeansView.mbeanDomain -Dspring.application.admin.enabled=true -javaagent:C:\Users\Администратор\.IntelliJIdea2018.3\system\captureAgent\debugger-agent.jar -Dfile.encoding=UTF-8 
java_command: com.example.demo.DemoApplication
java_class_path (initial): C:\Program Files\Java\jdk1.8.0_181\jre\lib\charsets.jar;C:\Program Files\Java\jdk1.8.0_181\jre\lib\deploy.jar;C:\Program Files\Java\jdk1.8.0_181\jre\lib\ext\access-bridge-64.jar;C:\Program Files\Java\jdk1.8.0_181\jre\lib\ext\cldrdata.jar;C:\Program Files\Java\jdk1.8.0_181\jre\lib\ext\dnsns.jar;C:\Program Files\Java\jdk1.8.0_181\jre\lib\ext\jaccess.jar;C:\Program Files\Java\jdk1.8.0_181\jre\lib\ext\jfxrt.jar;C:\Program Files\Java\jdk1.8.0_181\jre\lib\ext\localedata.jar;C:\Program Files\Java\jdk1.8.0_181\jre\lib\ext\nashorn.jar;C:\Program Files\Java\jdk1.8.0_181\jre\lib\ext\sunec.jar;C:\Program Files\Java\jdk1.8.0_181\jre\lib\ext\sunjce_provider.jar;C:\Program Files\Java\jdk1.8.0_181\jre\lib\ext\sunmscapi.jar;C:\Program Files\Java\jdk1.8.0_181\jre\lib\ext\sunpkcs11.jar;C:\Program Files\Java\jdk1.8.0_181\jre\lib\ext\zipfs.jar;C:\Program Files\Java\jdk1.8.0_181\jre\lib\javaws.jar;C:\Program Files\Java\jdk1.8.0_181\jre\lib\jce.jar;C:\Program Files\Java\jdk1.8.0_181\jre\lib\jfr.jar;C:\Program Files\Java\jdk1.8.0_181\jre\lib\jfxswt.jar;C:\Program Files\Java\jdk1.8.0_181\jre\lib\jsse.jar;C:\Program Files\Java\jdk1.8.0_181\jre\lib\management-agent.jar;C:\Program Files\Java\jdk1.8.0_181\jre\lib\plugin.jar;C:\Program Files\Java\jdk1.8.0_181\jre\lib\resources.jar;C:\Program Files\Java\jdk1.8.0_181\jre\lib\rt.jar;C:\Users\Администратор\Desktop\RickAndMorty\target\classes;C:\Users\Администратор\.m2\repository\org\springframework\boot\spring-boot-starter-data-jpa\2.1.6.RELEASE\spring-boot-starter-data-jpa-2.1.6.RELEASE.jar;C:\Users\Администратор\.m2\repository\org\springframework\boot\spring-boot-starter-aop\2.1.6.RELEASE\spring-boot-starter-aop-2.1.6.RELEASE.jar;C:\Users\Администратор\.m2\repository\org\springframework\spring-aop\5.1.8.RELEASE\spring-aop-5.1.8.RELEASE.jar;C:\Users\Администратор\.m2\repository\org\aspectj\aspectjweaver\1.9.4\aspectjweaver-1.9.4.jar;C:\Users\Администратор\.m2\repository\org\springframework\boot\spring-boot-starter-jdbc\
Launcher Type: SUN_STANDARD

Environment Variables:
PATH=C:\Program Files (x86)\Common Files\Oracle\Java\javapath;C:\Windows\system32;C:\Windows;C:\Windows\System32\Wbem;C:\Windows\System32\WindowsPowerShell\v1.0\;C:\Program Files\Git\cmd;c:\Program Files (x86)\Microsoft SQL Server\110\Tools\Binn\;c:\Program Files\Microsoft SQL Server\110\Tools\Binn\;c:\Program Files\Microsoft SQL Server\110\DTS\Binn\;c:\Program Files (x86)\Microsoft SQL Server\110\Tools\Binn\ManagementStudio\;c:\Program Files (x86)\Microsoft SQL Server\110\DTS\Binn\;;C:\Exercism
USERNAME=Администратор
OS=Windows_NT
PROCESSOR_IDENTIFIER=Intel64 Family 6 Model 58 Stepping 9, GenuineIntel



---------------  S Y S T E M  ---------------

OS: Windows 10.0 , 64 bit Build 10586 (10.0.10586.0)

CPU:total 4 (initial active 4) (2 cores per cpu, 2 threads per core) family 6 model 58 stepping 9, cmov, cx8, fxsr, mmx, sse, sse2, sse3, ssse3, sse4.1, sse4.2, popcnt, avx, aes, clmul, erms, ht, tsc, tscinvbit, tscinv

Memory: 4k page, physical 4083108k(324068k free), swap 7155108k(7536k free)

vm_info: Java HotSpot(TM) 64-Bit Server VM (25.181-b13) for windows-amd64 JRE (1.8.0_181-b13), built on Jul  7 2018 04:01:33 by "java_re" with MS VC++ 10.0 (VS2010)

time: Sun Jun 23 17:58:03 2019
elapsed time: 7 seconds (0d 0h 0m 7s)

